  sourse.cpp
E:\C++ progs\Сomputer_graphics\Сomputer_graphics\sourse.cpp(94,49): warning C4244: аргумент: преобразование "double" в "int", возможна потеря данных
E:\C++ progs\Сomputer_graphics\Сomputer_graphics\sourse.cpp(94,31): warning C4244: аргумент: преобразование "double" в "int", возможна потеря данных
E:\C++ progs\Сomputer_graphics\Сomputer_graphics\sourse.cpp(94,103): warning C4244: аргумент: преобразование "double" в "int", возможна потеря данных
E:\C++ progs\Сomputer_graphics\Сomputer_graphics\sourse.cpp(94,85): warning C4244: аргумент: преобразование "double" в "int", возможна потеря данных
E:\C++ progs\Сomputer_graphics\Сomputer_graphics\sourse.cpp(95,49): warning C4244: аргумент: преобразование "double" в "int", возможна потеря данных
E:\C++ progs\Сomputer_graphics\Сomputer_graphics\sourse.cpp(95,31): warning C4244: аргумент: преобразование "double" в "int", возможна потеря данных
E:\C++ progs\Сomputer_graphics\Сomputer_graphics\sourse.cpp(95,103): warning C4244: аргумент: преобразование "double" в "int", возможна потеря данных
E:\C++ progs\Сomputer_graphics\Сomputer_graphics\sourse.cpp(95,85): warning C4244: аргумент: преобразование "double" в "int", возможна потеря данных
E:\C++ progs\Сomputer_graphics\Сomputer_graphics\sourse.cpp(96,49): warning C4244: аргумент: преобразование "double" в "int", возможна потеря данных
E:\C++ progs\Сomputer_graphics\Сomputer_graphics\sourse.cpp(96,31): warning C4244: аргумент: преобразование "double" в "int", возможна потеря данных
E:\C++ progs\Сomputer_graphics\Сomputer_graphics\sourse.cpp(96,103): warning C4244: аргумент: преобразование "double" в "int", возможна потеря данных
E:\C++ progs\Сomputer_graphics\Сomputer_graphics\sourse.cpp(96,85): warning C4244: аргумент: преобразование "double" в "int", возможна потеря данных
E:\C++ progs\Сomputer_graphics\Сomputer_graphics\sourse.cpp(98,49): warning C4244: аргумент: преобразование "double" в "int", возможна потеря данных
E:\C++ progs\Сomputer_graphics\Сomputer_graphics\sourse.cpp(98,31): warning C4244: аргумент: преобразование "double" в "int", возможна потеря данных
E:\C++ progs\Сomputer_graphics\Сomputer_graphics\sourse.cpp(98,103): warning C4244: аргумент: преобразование "double" в "int", возможна потеря данных
E:\C++ progs\Сomputer_graphics\Сomputer_graphics\sourse.cpp(98,85): warning C4244: аргумент: преобразование "double" в "int", возможна потеря данных
E:\C++ progs\Сomputer_graphics\Сomputer_graphics\sourse.cpp(99,49): warning C4244: аргумент: преобразование "double" в "int", возможна потеря данных
E:\C++ progs\Сomputer_graphics\Сomputer_graphics\sourse.cpp(99,31): warning C4244: аргумент: преобразование "double" в "int", возможна потеря данных
E:\C++ progs\Сomputer_graphics\Сomputer_graphics\sourse.cpp(99,103): warning C4244: аргумент: преобразование "double" в "int", возможна потеря данных
E:\C++ progs\Сomputer_graphics\Сomputer_graphics\sourse.cpp(99,85): warning C4244: аргумент: преобразование "double" в "int", возможна потеря данных
E:\C++ progs\Сomputer_graphics\Сomputer_graphics\sourse.cpp(100,49): warning C4244: аргумент: преобразование "double" в "int", возможна потеря данных
E:\C++ progs\Сomputer_graphics\Сomputer_graphics\sourse.cpp(100,31): warning C4244: аргумент: преобразование "double" в "int", возможна потеря данных
E:\C++ progs\Сomputer_graphics\Сomputer_graphics\sourse.cpp(100,103): warning C4244: аргумент: преобразование "double" в "int", возможна потеря данных
E:\C++ progs\Сomputer_graphics\Сomputer_graphics\sourse.cpp(100,85): warning C4244: аргумент: преобразование "double" в "int", возможна потеря данных
E:\C++ progs\Сomputer_graphics\Сomputer_graphics\sourse.cpp(102,49): warning C4244: аргумент: преобразование "double" в "int", возможна потеря данных
E:\C++ progs\Сomputer_graphics\Сomputer_graphics\sourse.cpp(102,31): warning C4244: аргумент: преобразование "double" в "int", возможна потеря данных
E:\C++ progs\Сomputer_graphics\Сomputer_graphics\sourse.cpp(102,103): warning C4244: аргумент: преобразование "double" в "int", возможна потеря данных
E:\C++ progs\Сomputer_graphics\Сomputer_graphics\sourse.cpp(102,85): warning C4244: аргумент: преобразование "double" в "int", возможна потеря данных
E:\C++ progs\Сomputer_graphics\Сomputer_graphics\sourse.cpp(103,49): warning C4244: аргумент: преобразование "double" в "int", возможна потеря данных
E:\C++ progs\Сomputer_graphics\Сomputer_graphics\sourse.cpp(103,31): warning C4244: аргумент: преобразование "double" в "int", возможна потеря данных
E:\C++ progs\Сomputer_graphics\Сomputer_graphics\sourse.cpp(103,103): warning C4244: аргумент: преобразование "double" в "int", возможна потеря данных
E:\C++ progs\Сomputer_graphics\Сomputer_graphics\sourse.cpp(103,85): warning C4244: аргумент: преобразование "double" в "int", возможна потеря данных
E:\C++ progs\Сomputer_graphics\Сomputer_graphics\sourse.cpp(104,49): warning C4244: аргумент: преобразование "double" в "int", возможна потеря данных
E:\C++ progs\Сomputer_graphics\Сomputer_graphics\sourse.cpp(104,31): warning C4244: аргумент: преобразование "double" в "int", возможна потеря данных
E:\C++ progs\Сomputer_graphics\Сomputer_graphics\sourse.cpp(104,103): warning C4244: аргумент: преобразование "double" в "int", возможна потеря данных
E:\C++ progs\Сomputer_graphics\Сomputer_graphics\sourse.cpp(104,85): warning C4244: аргумент: преобразование "double" в "int", возможна потеря данных
E:\C++ progs\Сomputer_graphics\Сomputer_graphics\sourse.cpp(205,12): warning C4244: return: преобразование "WPARAM" в "int", возможна потеря данных
  Создание кода
  10 of 11 functions (90.9%) were compiled, the rest were copied from previous compilation.
    0 functions were new in current compilation
    0 functions had inline decision re-evaluated but remain unchanged
  Создание кода завершено
  Сomputer_graphics.vcxproj -> E:\C++ progs\Сomputer_graphics\x64\Release\Сomputer_graphics.exe
